<?xml version="1.0" encoding="UTF-8"?>
<testng-results ignored="0" total="1" passed="1" failed="0" skipped="0">
  <reporter-output>
  </reporter-output>
  <suite started-at="2025-01-12T21:48:00 IST" name="Default suite" finished-at="2025-01-12T21:48:01 IST" duration-ms="563">
    <groups>
    </groups>
    <test started-at="2025-01-12T21:48:00 IST" name="Default test" finished-at="2025-01-12T21:48:01 IST" duration-ms="563">
      <class name="Session_06.Serialization_Deserialization">
        <test-method signature="Convert_Json2Pojo()[pri:0, instance:Session_06.Serialization_Deserialization@4ee203eb]" started-at="2025-01-12T21:48:00 IST" name="Convert_Json2Pojo" finished-at="2025-01-12T21:48:01 IST" duration-ms="467" status="PASS">
          <reporter-output>
          </reporter-output>
        </test-method> <!-- Convert_Json2Pojo -->
      </class> <!-- Session_06.Serialization_Deserialization -->
    </test> <!-- Default test -->
  </suite> <!-- Default suite -->
</testng-results>
